<?xml version="1.0" encoding="UTF-8"?>
<coverage generated="1673828045057" clover="3.2.0">
  <project timestamp="1673828045057" name="All files">
    <metrics statements="49" coveredstatements="39" conditionals="10" coveredconditionals="5" methods="14" coveredmethods="10" elements="73" coveredelements="54" complexity="0" loc="49" ncloc="49" packages="4" files="4" classes="4"/>
    <package name="components">
      <metrics statements="4" coveredstatements="2" conditionals="0" coveredconditionals="0" methods="2" coveredmethods="1"/>
      <file name="PokemonCard.tsx" path="/Users/idukay/Documents/react/Javier_Miranda_Pokemon/src/components/PokemonCard.tsx">
        <metrics statements="4" coveredstatements="2" conditionals="0" coveredconditionals="0" methods="2" coveredmethods="1"/>
        <line num="10" count="1" type="stmt"/>
        <line num="11" count="1" type="stmt"/>
        <line num="12" count="0" type="stmt"/>
        <line num="15" count="0" type="stmt"/>
      </file>
    </package>
    <package name="hooks">
      <metrics statements="28" coveredstatements="28" conditionals="2" coveredconditionals="1" methods="6" coveredmethods="6"/>
      <file name="UsePokemonList.tsx" path="/Users/idukay/Documents/react/Javier_Miranda_Pokemon/src/hooks/UsePokemonList.tsx">
        <metrics statements="28" coveredstatements="28" conditionals="2" coveredconditionals="1" methods="6" coveredmethods="6"/>
        <line num="4" count="1" type="stmt"/>
        <line num="5" count="8" type="stmt"/>
        <line num="6" count="7" type="stmt"/>
        <line num="7" count="7" type="stmt"/>
        <line num="8" count="7" type="stmt"/>
        <line num="9" count="7" type="stmt"/>
        <line num="10" count="2" type="cond" truecount="1" falsecount="1"/>
        <line num="11" count="2" type="stmt"/>
        <line num="12" count="2" type="stmt"/>
        <line num="13" count="2" type="stmt"/>
        <line num="14" count="1" type="stmt"/>
        <line num="15" count="1" type="stmt"/>
        <line num="16" count="1" type="stmt"/>
        <line num="17" count="1" type="stmt"/>
        <line num="18" count="1" type="stmt"/>
        <line num="21" count="7" type="stmt"/>
        <line num="22" count="1" type="stmt"/>
        <line num="23" count="1" type="stmt"/>
        <line num="24" count="1" type="stmt"/>
        <line num="25" count="1" type="stmt"/>
        <line num="26" count="1" type="stmt"/>
        <line num="34" count="1" type="stmt"/>
        <line num="37" count="7" type="stmt"/>
        <line num="38" count="2" type="stmt"/>
        <line num="41" count="7" type="stmt"/>
        <line num="42" count="1" type="stmt"/>
        <line num="45" count="1" type="stmt"/>
        <line num="48" count="7" type="stmt"/>
      </file>
    </package>
    <package name="screens">
      <metrics statements="16" coveredstatements="8" conditionals="8" coveredconditionals="4" methods="6" coveredmethods="3"/>
      <file name="HomeScreen.tsx" path="/Users/idukay/Documents/react/Javier_Miranda_Pokemon/src/screens/HomeScreen.tsx">
        <metrics statements="16" coveredstatements="8" conditionals="8" coveredconditionals="4" methods="6" coveredmethods="3"/>
        <line num="12" count="1" type="stmt"/>
        <line num="13" count="8" type="stmt"/>
        <line num="14" count="8" type="stmt"/>
        <line num="15" count="7" type="stmt"/>
        <line num="17" count="7" type="stmt"/>
        <line num="18" count="0" type="cond" truecount="0" falsecount="2"/>
        <line num="19" count="0" type="stmt"/>
        <line num="20" count="0" type="stmt"/>
        <line num="21" count="0" type="stmt"/>
        <line num="24" count="0" type="stmt"/>
        <line num="27" count="0" type="stmt"/>
        <line num="29" count="0" type="stmt"/>
        <line num="31" count="7" type="stmt"/>
        <line num="54" count="0" type="stmt"/>
        <line num="58" count="1" type="stmt"/>
        <line num="60" count="1" type="stmt"/>
      </file>
    </package>
    <package name="theme">
      <metrics statements="1" coveredstatements="1" conditionals="0" coveredconditionals="0" methods="0" coveredmethods="0"/>
      <file name="AppTheme.tsx" path="/Users/idukay/Documents/react/Javier_Miranda_Pokemon/src/theme/AppTheme.tsx">
        <metrics statements="1" coveredstatements="1" conditionals="0" coveredconditionals="0" methods="0" coveredmethods="0"/>
        <line num="3" count="1" type="stmt"/>
      </file>
    </package>
  </project>
</coverage>
