{"/Users/idukay/Documents/react/Javier_Miranda_Pokemon/src/components/PokemonCard.tsx": {"path":"/Users/idukay/Documents/react/Javier_Miranda_Pokemon/src/components/PokemonCard.tsx","statementMap":{"0":{"start":{"line":10,"column":27},"end":{"line":34,"column":1}},"1":{"start":{"line":11,"column":23},"end":{"line":11,"column":38}},"2":{"start":{"line":12,"column":4},"end":{"line":33,"column":5}},"3":{"start":{"line":15,"column":12},"end":{"line":15,"column":70}}},"fnMap":{"0":{"name":"(anonymous_0)","decl":{"start":{"line":10,"column":27},"end":{"line":10,"column":28}},"loc":{"start":{"line":10,"column":51},"end":{"line":34,"column":1}},"line":10},"1":{"name":"(anonymous_1)","decl":{"start":{"line":14,"column":27},"end":{"line":14,"column":28}},"loc":{"start":{"line":15,"column":12},"end":{"line":15,"column":70}},"line":15}},"branchMap":{},"s":{"0":1,"1":1,"2":0,"3":0},"f":{"0":1,"1":0},"b":{},"_coverageSchema":"1a1c01bbd47fc00a2c39e90264f33305004495a9","hash":"dfc38dc66d1a701a1491530134b3d749da21c720"}
,"/Users/idukay/Documents/react/Javier_Miranda_Pokemon/src/hooks/UsePokemonList.tsx": {"path":"/Users/idukay/Documents/react/Javier_Miranda_Pokemon/src/hooks/UsePokemonList.tsx","statementMap":{"0":{"start":{"line":4,"column":30},"end":{"line":55,"column":1}},"1":{"start":{"line":5,"column":28},"end":{"line":5,"column":80}},"2":{"start":{"line":6,"column":42},"end":{"line":6,"column":65}},"3":{"start":{"line":7,"column":54},"end":{"line":7,"column":77}},"4":{"start":{"line":8,"column":38},"end":{"line":8,"column":53}},"5":{"start":{"line":9,"column":23},"end":{"line":19,"column":5}},"6":{"start":{"line":10,"column":8},"end":{"line":10,"column":75}},"7":{"start":{"line":11,"column":8},"end":{"line":11,"column":27}},"8":{"start":{"line":12,"column":25},"end":{"line":12,"column":61}},"9":{"start":{"line":13,"column":21},"end":{"line":13,"column":42}},"10":{"start":{"line":14,"column":31},"end":{"line":14,"column":60}},"11":{"start":{"line":15,"column":8},"end":{"line":15,"column":44}},"12":{"start":{"line":16,"column":8},"end":{"line":16,"column":60}},"13":{"start":{"line":17,"column":8},"end":{"line":17,"column":66}},"14":{"start":{"line":18,"column":8},"end":{"line":18,"column":28}},"15":{"start":{"line":21,"column":28},"end":{"line":35,"column":5}},"16":{"start":{"line":22,"column":39},"end":{"line":33,"column":10}},"17":{"start":{"line":23,"column":36},"end":{"line":23,"column":58}},"18":{"start":{"line":24,"column":30},"end":{"line":24,"column":73}},"19":{"start":{"line":25,"column":29},"end":{"line":25,"column":148}},"20":{"start":{"line":26,"column":12},"end":{"line":32,"column":13}},"21":{"start":{"line":34,"column":8},"end":{"line":34,"column":27}},"22":{"start":{"line":37,"column":4},"end":{"line":39,"column":10}},"23":{"start":{"line":38,"column":8},"end":{"line":38,"column":21}},"24":{"start":{"line":41,"column":26},"end":{"line":46,"column":5}},"25":{"start":{"line":42,"column":28},"end":{"line":44,"column":29}},"26":{"start":{"line":45,"column":8},"end":{"line":45,"column":33}},"27":{"start":{"line":48,"column":4},"end":{"line":54,"column":6}}},"fnMap":{"0":{"name":"(anonymous_0)","decl":{"start":{"line":4,"column":30},"end":{"line":4,"column":31}},"loc":{"start":{"line":4,"column":36},"end":{"line":55,"column":1}},"line":4},"1":{"name":"(anonymous_1)","decl":{"start":{"line":9,"column":23},"end":{"line":9,"column":24}},"loc":{"start":{"line":9,"column":35},"end":{"line":19,"column":5}},"line":9},"2":{"name":"(anonymous_2)","decl":{"start":{"line":21,"column":28},"end":{"line":21,"column":29}},"loc":{"start":{"line":21,"column":57},"end":{"line":35,"column":5}},"line":21},"3":{"name":"(anonymous_3)","decl":{"start":{"line":22,"column":57},"end":{"line":22,"column":58}},"loc":{"start":{"line":22,"column":68},"end":{"line":33,"column":9}},"line":22},"4":{"name":"(anonymous_4)","decl":{"start":{"line":37,"column":14},"end":{"line":37,"column":15}},"loc":{"start":{"line":37,"column":20},"end":{"line":39,"column":5}},"line":37},"5":{"name":"(anonymous_5)","decl":{"start":{"line":41,"column":26},"end":{"line":41,"column":27}},"loc":{"start":{"line":41,"column":32},"end":{"line":46,"column":5}},"line":41}},"branchMap":{"0":{"loc":{"start":{"line":10,"column":8},"end":{"line":10,"column":74}},"type":"cond-expr","locations":[{"start":{"line":10,"column":34},"end":{"line":10,"column":52}},{"start":{"line":10,"column":55},"end":{"line":10,"column":74}}],"line":10}},"s":{"0":1,"1":8,"2":7,"3":7,"4":7,"5":7,"6":2,"7":2,"8":2,"9":2,"10":1,"11":1,"12":1,"13":1,"14":1,"15":7,"16":1,"17":1,"18":1,"19":1,"20":1,"21":1,"22":7,"23":2,"24":7,"25":1,"26":1,"27":7},"f":{"0":8,"1":2,"2":1,"3":1,"4":2,"5":1},"b":{"0":[2,0]},"_coverageSchema":"1a1c01bbd47fc00a2c39e90264f33305004495a9","hash":"dd1e6958a10ca83939e1970d28711b75ee78e990"}
,"/Users/idukay/Documents/react/Javier_Miranda_Pokemon/src/screens/HomeScreen.tsx": {"path":"/Users/idukay/Documents/react/Javier_Miranda_Pokemon/src/screens/HomeScreen.tsx","statementMap":{"0":{"start":{"line":12,"column":26},"end":{"line":77,"column":1}},"1":{"start":{"line":13,"column":18},"end":{"line":13,"column":37}},"2":{"start":{"line":14,"column":89},"end":{"line":14,"column":105}},"3":{"start":{"line":15,"column":30},"end":{"line":15,"column":42}},"4":{"start":{"line":17,"column":24},"end":{"line":30,"column":3}},"5":{"start":{"line":18,"column":4},"end":{"line":28,"column":5}},"6":{"start":{"line":19,"column":40},"end":{"line":23,"column":8}},"7":{"start":{"line":20,"column":21},"end":{"line":20,"column":47}},"8":{"start":{"line":21,"column":8},"end":{"line":21,"column":59}},"9":{"start":{"line":24,"column":6},"end":{"line":24,"column":43}},"10":{"start":{"line":27,"column":6},"end":{"line":27,"column":40}},"11":{"start":{"line":29,"column":4},"end":{"line":29,"column":20}},"12":{"start":{"line":31,"column":2},"end":{"line":76,"column":3}},"13":{"start":{"line":54,"column":44},"end":{"line":54,"column":63}},"14":{"start":{"line":58,"column":40},"end":{"line":58,"column":50}},"15":{"start":{"line":60,"column":16},"end":{"line":60,"column":46}}},"fnMap":{"0":{"name":"(anonymous_0)","decl":{"start":{"line":12,"column":26},"end":{"line":12,"column":27}},"loc":{"start":{"line":12,"column":32},"end":{"line":77,"column":1}},"line":12},"1":{"name":"(anonymous_1)","decl":{"start":{"line":17,"column":24},"end":{"line":17,"column":25}},"loc":{"start":{"line":17,"column":42},"end":{"line":30,"column":3}},"line":17},"2":{"name":"(anonymous_2)","decl":{"start":{"line":19,"column":59},"end":{"line":19,"column":60}},"loc":{"start":{"line":19,"column":72},"end":{"line":23,"column":7}},"line":19},"3":{"name":"(anonymous_3)","decl":{"start":{"line":54,"column":34},"end":{"line":54,"column":35}},"loc":{"start":{"line":54,"column":44},"end":{"line":54,"column":63}},"line":54},"4":{"name":"(anonymous_4)","decl":{"start":{"line":58,"column":29},"end":{"line":58,"column":30}},"loc":{"start":{"line":58,"column":40},"end":{"line":58,"column":50}},"line":58},"5":{"name":"(anonymous_5)","decl":{"start":{"line":59,"column":26},"end":{"line":59,"column":27}},"loc":{"start":{"line":60,"column":16},"end":{"line":60,"column":46}},"line":60}},"branchMap":{"0":{"loc":{"start":{"line":18,"column":4},"end":{"line":28,"column":5}},"type":"if","locations":[{"start":{"line":18,"column":4},"end":{"line":28,"column":5}},{"start":{"line":26,"column":11},"end":{"line":28,"column":5}}],"line":18},"1":{"loc":{"start":{"line":34,"column":8},"end":{"line":73,"column":17}},"type":"cond-expr","locations":[{"start":{"line":35,"column":10},"end":{"line":39,"column":28}},{"start":{"line":41,"column":10},"end":{"line":73,"column":17}}],"line":34},"2":{"loc":{"start":{"line":62,"column":28},"end":{"line":62,"column":54}},"type":"cond-expr","locations":[{"start":{"line":62,"column":37},"end":{"line":62,"column":41}},{"start":{"line":62,"column":44},"end":{"line":62,"column":54}}],"line":62},"3":{"loc":{"start":{"line":66,"column":16},"end":{"line":70,"column":36}},"type":"cond-expr","locations":[{"start":{"line":66,"column":25},"end":{"line":66,"column":29}},{"start":{"line":67,"column":18},"end":{"line":70,"column":36}}],"line":66}},"s":{"0":1,"1":8,"2":8,"3":7,"4":7,"5":0,"6":0,"7":0,"8":0,"9":0,"10":0,"11":0,"12":7,"13":0,"14":1,"15":1},"f":{"0":8,"1":0,"2":0,"3":0,"4":1,"5":1},"b":{"0":[0,0],"1":[4,3],"2":[0,3],"3":[0,3]},"_coverageSchema":"1a1c01bbd47fc00a2c39e90264f33305004495a9","hash":"ef14ed67b38b8651c357ff1c2625ea15161b481f"}
,"/Users/idukay/Documents/react/Javier_Miranda_Pokemon/src/theme/AppTheme.tsx": {"path":"/Users/idukay/Documents/react/Javier_Miranda_Pokemon/src/theme/AppTheme.tsx","statementMap":{"0":{"start":{"line":3,"column":21},"end":{"line":78,"column":2}}},"fnMap":{},"branchMap":{},"s":{"0":1},"f":{},"b":{},"_coverageSchema":"1a1c01bbd47fc00a2c39e90264f33305004495a9","hash":"8693729898a40b3d8ced1221c6b40e685b08d372"}
}
